2025-03-29 21:41:59 [INFO] [Input Thread] started
2025-03-29 21:41:59 [INFO] [Main Process] started
2025-03-29 21:41:59 [INFO] [Process A] started
2025-03-29 21:41:59 [INFO] [Process B] started
2025-03-29 21:42:02 [INFO] [Input Thread] user input: hi
2025-03-29 21:42:02 [INFO] [Process A] received: hi, transformed: hi
2025-03-29 21:42:02 [INFO] [Process B] received: hi, transformed: uv
2025-03-29 21:42:02 [INFO] [Main Process] received: uv
2025-03-29 21:42:12 [INFO] [Input Thread] user input: how are you
2025-03-29 21:42:12 [INFO] [Process A] received: how are you, transformed: how are you
2025-03-29 21:42:12 [INFO] [Process B] received: how are you, transformed: ubj ner lbh
2025-03-29 21:42:12 [INFO] [Main Process] received: ubj ner lbh
2025-03-29 21:42:14 [INFO] [Input Thread] user input: i am ok
2025-03-29 21:42:16 [INFO] [Input Thread] user input: and u
2025-03-29 21:42:17 [INFO] [Process A] received: i am ok, transformed: i am ok
2025-03-29 21:42:17 [INFO] [Process B] received: i am ok, transformed: v nz bx
2025-03-29 21:42:17 [INFO] [Main Process] received: v nz bx
2025-03-29 21:42:20 [INFO] [Input Thread] user input: good night
2025-03-29 21:42:22 [INFO] [Process A] received: and u, transformed: and u
2025-03-29 21:42:22 [INFO] [Process B] received: and u, transformed: naq h
2025-03-29 21:42:22 [INFO] [Main Process] received: naq h
2025-03-29 21:42:27 [INFO] [Process A] received: good night, transformed: good night
2025-03-29 21:42:27 [INFO] [Process B] received: good night, transformed: tbbq avtug
2025-03-29 21:42:27 [INFO] [Main Process] received: tbbq avtug
2025-03-29 21:42:41 [INFO] [Input Thread] user input: qwe
2025-03-29 21:42:41 [INFO] [Process A] received: qwe, transformed: qwe
2025-03-29 21:42:41 [INFO] [Process B] received: qwe, transformed: djr
2025-03-29 21:42:41 [INFO] [Main Process] received: djr
2025-03-29 21:42:42 [INFO] [Input Thread] user input: qwe
2025-03-29 21:42:42 [INFO] [Input Thread] user input: qwe
2025-03-29 21:42:42 [INFO] [Input Thread] user input: qwe
2025-03-29 21:42:43 [INFO] [Input Thread] user input: qwe
2025-03-29 21:42:43 [INFO] [Input Thread] user input: qwe
2025-03-29 21:42:43 [INFO] [Input Thread] user input: qwe
2025-03-29 21:42:46 [INFO] [Process A] received: qwe, transformed: qwe
2025-03-29 21:42:46 [INFO] [Process B] received: qwe, transformed: djr
2025-03-29 21:42:46 [INFO] [Main Process] received: djr
2025-03-29 21:42:51 [INFO] [Process A] received: qwe, transformed: qwe
2025-03-29 21:42:51 [INFO] [Process B] received: qwe, transformed: djr
2025-03-29 21:42:51 [INFO] [Main Process] received: djr
2025-03-29 21:42:56 [INFO] [Process A] received: qwe, transformed: qwe
2025-03-29 21:42:56 [INFO] [Process B] received: qwe, transformed: djr
2025-03-29 21:42:56 [INFO] [Main Process] received: djr
2025-03-29 21:43:01 [INFO] [Process A] received: qwe, transformed: qwe
2025-03-29 21:43:01 [INFO] [Process B] received: qwe, transformed: djr
2025-03-29 21:43:01 [INFO] [Main Process] received: djr
2025-03-29 21:43:06 [INFO] [Process A] received: qwe, transformed: qwe
2025-03-29 21:43:06 [INFO] [Process B] received: qwe, transformed: djr
2025-03-29 21:43:06 [INFO] [Main Process] received: djr
